"../../../../Unreal Projects/ShitGaem2/Content/StarterContent/Audio/Collapse01.uasset" 0
"../../../../Unreal Projects/ShitGaem2/Content/StarterContent/Audio/Collapse02.uasset" 1
"../../../../Unreal Projects/ShitGaem2/Content/StarterContent/Audio/Fire01.uasset" 2
"../../../../Unreal Projects/ShitGaem2/Content/StarterContent/Audio/Fire_Sparks01.uasset" 3
"../../../../Unreal Projects/ShitGaem2/Content/StarterContent/Audio/Smoke01.uasset" 4
"../../../../Unreal Projects/ShitGaem2/Content/StarterContent/Audio/Starter_Birds01.uasset" 5
"../../../../Unreal Projects/ShitGaem2/Content/StarterContent/Audio/Starter_Music01.uasset" 6
"../../../../Unreal Projects/ShitGaem2/Content/StarterContent/Audio/Starter_Wind05.uasset" 7
"../../../../Unreal Projects/ShitGaem2/Content/StarterContent/Audio/Starter_Wind06.uasset" 8
"../../../../Unreal Projects/ShitGaem2/Content/StarterContent/Audio/Steam01.uasset" 9
"../../../../Unreal Projects/ShitGaem2/Content/selfimplemented/audio/ballhit.uasset" 10
"../../../../Unreal Projects/ShitGaem2/Content/StarterContent/Textures/T_Tech_Panel_N.uasset" 11
"../../../../Unreal Projects/ShitGaem2/Content/StarterContent/Textures/T_Tech_Panel_M.uasset" 12
"../../../../Unreal Projects/ShitGaem2/Content/StarterContent/Textures/T_Metal_Steel_D.uasset" 13
"../../../../Unreal Projects/ShitGaem2/Content/StarterContent/Textures/T_MacroVariation.uasset" 14
"../../../../Unreal Projects/ShitGaem2/Content/StarterContent/Materials/M_Tech_Panel.uasset" 15
"../../../Engine/Content/EngineMaterials/T_Default_Material_Grid_N.uasset" 16
"../../../Engine/Content/EngineMaterials/T_Default_Material_Grid_M.uasset" 17
"../../../Engine/Content/Functions/Engine_MaterialFunctions01/Opacity/CameraDepthFade.uasset" 18
"../../../Engine/Content/EngineMaterials/WorldGridMaterial.uasset" 19
"../../../../Unreal Projects/ShitGaem2/Content/StarterContent/Props/MaterialSphere.uasset" 20
"../../../../Unreal Projects/ShitGaem2/Content/ShittyBall.uasset" 21
"../../../../Unreal Projects/ShitGaem2/Content/StarterContent/Materials/M_Basic_Wall.uasset" 22
"../../../../Unreal Projects/ShitGaem2/Content/StarterContent/Shapes/Shape_Sphere.uasset" 23
"../../../../Unreal Projects/ShitGaem2/Content/StarterContent/Textures/T_Spark_Core.uasset" 24
"../../../../Unreal Projects/ShitGaem2/Content/StarterContent/Particles/Materials/M_Spark.uasset" 25
"../../../Engine/Content/Functions/Engine_MaterialFunctions01/Gradient/RadialGradient.uasset" 26
"../../../../Unreal Projects/ShitGaem2/Content/StarterContent/Particles/Materials/M_Radial_Gradient.uasset" 27
"../../../../Unreal Projects/ShitGaem2/Content/StarterContent/Textures/T_Smoke_Tiled_D.uasset" 28
"../../../../Unreal Projects/ShitGaem2/Content/StarterContent/Textures/T_Smoke_SubUV.uasset" 29
"../../../../Unreal Projects/ShitGaem2/Content/StarterContent/Particles/Materials/M_smoke_subUV.uasset" 30
"../../../../Unreal Projects/ShitGaem2/Content/StarterContent/Particles/P_Sparks.uasset" 31
"../../../../Unreal Projects/ShitGaem2/Content/StarterContent/Textures/T_Metal_Gold_D.uasset" 32
"../../../../Unreal Projects/ShitGaem2/Content/StarterContent/Textures/T_Metal_Gold_N.uasset" 33
"../../../../Unreal Projects/ShitGaem2/Content/StarterContent/Materials/M_Metal_Gold.uasset" 34
"../../../../Unreal Projects/ShitGaem2/Content/PowerUpNew.uasset" 35
"../../../../Unreal Projects/ShitGaem2/Content/selfimplemented/audio/gunshotsilenced.uasset" 36
"../../../../Unreal Projects/ShitGaem2/Content/Blueprints/ogrim_Shape_NarrowCapsule_Skeleton.uasset" 37
"../../../../Unreal Projects/ShitGaem2/Content/StarterContent/Textures/T_Wood_Floor_Walnut_N.uasset" 38
"../../../../Unreal Projects/ShitGaem2/Content/StarterContent/Textures/T_Wood_Floor_Walnut_M.uasset" 39
"../../../../Unreal Projects/ShitGaem2/Content/StarterContent/Textures/T_Wood_Floor_Walnut_D.uasset" 40
"../../../../Unreal Projects/ShitGaem2/Content/StarterContent/Textures/T_Perlin_Noise_M.uasset" 41
"../../../../Unreal Projects/ShitGaem2/Content/StarterContent/Materials/M_Wood_Floor_Walnut_Polished.uasset" 42
"../../../../Unreal Projects/ShitGaem2/Content/Blueprints/ogrim_Shape_NarrowCapsule_PhysicsAsset.uasset" 43
"../../../../Unreal Projects/ShitGaem2/Content/Blueprints/Ogrim_Green.uasset" 44
"../../../../Unreal Projects/ShitGaem2/Content/StarterContent/Textures/T_Water_M.uasset" 45
"../../../../Unreal Projects/ShitGaem2/Content/StarterContent/Textures/T_Water_N.uasset" 46
"../../../Engine/Content/Functions/Engine_MaterialFunctions02/Utility/BlendAngleCorrectedNormals.uasset" 47
"../../../../Unreal Projects/ShitGaem2/Content/StarterContent/Materials/M_Water_Ocean.uasset" 48
"../../../../Unreal Projects/ShitGaem2/Content/ShitProjectile.uasset" 49
"../../../../Unreal Projects/ShitGaem2/Content/Blueprints/Bobby_Red.uasset" 50
"../../../../Unreal Projects/ShitGaem2/Content/StarterContent/Textures/T_Wood_Pine_N.uasset" 51
"../../../../Unreal Projects/ShitGaem2/Content/StarterContent/Textures/T_Wood_Pine_D.uasset" 52
"../../../../Unreal Projects/ShitGaem2/Content/StarterContent/Materials/M_Wood_Pine.uasset" 53
"../../../../Unreal Projects/ShitGaem2/Content/Blueprints/Ogrim_Red.uasset" 54
"../../../../Unreal Projects/ShitGaem2/Content/Blueprints/Bobby_Green.uasset" 55
"../../../../Unreal Projects/ShitGaem2/Content/Blueprints/ogrim_UCX_Shape_NarrowCapsule_PhysicsAsset.uasset" 56
"../../../../Unreal Projects/ShitGaem2/Content/Blueprints/ogrim_UCX_Shape_NarrowCapsule_Skeleton.uasset" 57
"../../../../Unreal Projects/ShitGaem2/Content/StarterContent/Textures/T_Wood_Oak_N.uasset" 58
"../../../../Unreal Projects/ShitGaem2/Content/StarterContent/Textures/T_Wood_Oak_D.uasset" 59
"../../../../Unreal Projects/ShitGaem2/Content/StarterContent/Materials/M_Wood_Oak.uasset" 60
"../../../../Unreal Projects/ShitGaem2/Content/Blueprints/ogrim.uasset" 61
"../../../../Unreal Projects/ShitGaem2/Content/Blueprints/Bobby_Default.uasset" 62
"../../../../Unreal Projects/ShitGaem2/Content/selfimplemented/crosshair__2_.uasset" 63
"../../../../Unreal Projects/ShitGaem2/Content/HUD/HUD.uasset" 64
"../../../../Unreal Projects/ShitGaem2/Content/MenuHUD_BP.uasset" 65
"../../../../Unreal Projects/ShitGaem2/Content/SoccerGameState_BP.uasset" 66
"../../../../Unreal Projects/ShitGaem2/Content/SoccerPlayerController_BP.uasset" 67
"../../../../Unreal Projects/ShitGaem2/Content/ShitGamemode.uasset" 68
"../../../Engine/Content/ArtTools/RenderToTexture/Meshes/S_1_Unit_Plane.uasset" 69
"../../../Engine/Content/BasicShapes/Plane.uasset" 70
"../../../Engine/Content/EngineMaterials/DefaultMaterial.uasset" 71
"../../../Engine/Content/BasicShapes/Sphere.uasset" 72
"../../../Engine/Content/EditorLandscapeResources/DataLayer.uasset" 73
"../../../Engine/Content/EditorLandscapeResources/DefaultAlphaTexture.uasset" 74
"../../../Engine/Content/EditorMaterials/MAT_Groups_Toggle.uasset" 75
"../../../Engine/Content/EditorMaterials/MAT_Groups_Visibility.uasset" 76
"../../../Engine/Content/EditorMaterials/PreviewShadowIndicator.uasset" 77
"../../../Engine/Content/EditorMaterials/PreviewShadowIndicatorMaterial.uasset" 78
"../../../Engine/Content/EditorMaterials/MatineeGroups/MAT_ColorTrack.uasset" 79
"../../../Engine/Content/EditorMaterials/MatineeGroups/MAT_Groups_Anim.uasset" 80
"../../../Engine/Content/EditorMaterials/MatineeGroups/MAT_Groups_AudioMaster.uasset" 81
"../../../Engine/Content/EditorMaterials/MatineeGroups/MAT_Groups_Director.uasset" 82
"../../../Engine/Content/EditorMaterials/MatineeGroups/MAT_Groups_Event.uasset" 83
"../../../Engine/Content/EditorMaterials/MatineeGroups/MAT_Groups_Fade.uasset" 84
"../../../Engine/Content/EditorMaterials/MatineeGroups/MAT_Groups_Float.uasset" 85
"../../../Engine/Content/EditorMaterials/MatineeGroups/MAT_Groups_Move.uasset" 86
"../../../Engine/Content/EditorMaterials/MatineeGroups/MAT_Groups_Slomo.uasset" 87
"../../../Engine/Content/EditorMaterials/MatineeGroups/MAT_Groups_Sound.uasset" 88
"../../../Engine/Content/EditorMaterials/MatineeGroups/MAT_Groups_Vector.uasset" 89
"../../../Engine/Content/EditorMaterials/ParticleSystems/PSysThumbnail_NoImage.uasset" 90
"../../../Engine/Content/EditorMaterials/ParticleSystems/PSysThumbnail_OOD.uasset" 91
"../../../Engine/Content/EditorMaterials/Camera/CineMat.uasset" 92
"../../../Engine/Content/EditorMaterials/Camera/MI_CineMat_Rig.uasset" 93
"../../../Engine/Content/EditorMeshes/Camera/SM_CraneRig_Arm.uasset" 94
"../../../Engine/Content/EditorMeshes/Camera/SM_CraneRig_Base.uasset" 95
"../../../Engine/Content/EditorMeshes/Camera/SM_CraneRig_Body.uasset" 96
"../../../Engine/Content/EditorMeshes/Camera/SM_CraneRig_Mount.uasset" 97
"../../../Engine/Content/EditorMeshes/Camera/SM_RailRig_Mount.uasset" 98
"../../../Engine/Content/EditorMeshes/Camera/SM_RailRig_Track.uasset" 99
"../../../Engine/Content/EditorResources/BSPVertex.uasset" 100
"../../../Engine/Content/EditorResources/EmptyActor.uasset" 101
"../../../Engine/Content/EditorResources/S_Actor.uasset" 102
"../../../Engine/Content/EditorResources/S_Note.uasset" 103
"../../../Engine/Content/EditorResources/S_Solver.uasset" 104
"../../../Engine/Content/EditorResources/S_Terrain.uasset" 105
"../../../Engine/Content/EditorResources/S_Trigger.uasset" 106
"../../../Engine/Content/EditorResources/AudioIcons/S_AudioComponent.uasset" 107
"../../../Engine/Content/EditorResources/AudioIcons/S_AudioComponent_AutoActivate.uasset" 108
"../../../Engine/Content/EditorResources/LightIcons/S_LightError.uasset" 109
"../../../Engine/Content/EditorResources/SequenceRecorder/Countdown.uasset" 110
"../../../Engine/Content/EditorResources/SequenceRecorder/RecordingIndicator.uasset" 111
"../../../Engine/Content/EngineDamageTypes/DmgTypeBP_Environmental.uasset" 112
"../../../Engine/Content/EngineDebugMaterials/DebugEditorMaterial.uasset" 113
"../../../Engine/Content/EngineDebugMaterials/DebugMeshMaterial.uasset" 114
"../../../Engine/Content/EngineDebugMaterials/M_SimpleUnlitTranslucent.uasset" 115
"../../../Engine/Content/EngineDebugMaterials/VolumeToRender.uasset" 116
"../../../Engine/Content/Functions/Engine_MaterialFunctions02/Utility/CameraDirectionVector.uasset" 117
"../../../Engine/Content/EngineDebugMaterials/M_VolumeRenderSphereTracePP.uasset" 118
"../../../Engine/Content/Functions/Engine_MaterialFunctions01/Shading/ConvertFromDiffSpec.uasset" 119
"../../../Engine/Content/EngineDebugMaterials/VertexColorMaterial.uasset" 120
"../../../Engine/Content/EngineDebugMaterials/WireframeMaterial.uasset" 121
"../../../Engine/Content/EngineFonts/Faces/RobotoRegular.uasset" 122
"../../../Engine/Content/EngineFonts/Faces/RobotoLight.uasset" 123
"../../../Engine/Content/EngineFonts/Faces/RobotoItalic.uasset" 124
"../../../Engine/Content/EngineFonts/Faces/RobotoBoldItalic.uasset" 125
"../../../Engine/Content/EngineFonts/Faces/RobotoBold.uasset" 126
"../../../Engine/Content/EngineFonts/Faces/DroidSansFallback.uasset" 127
"../../../Engine/Content/EngineFonts/Roboto.uasset" 128
"../../../Engine/Content/EngineMaterials/BaseFlattenNormalMap.uasset" 129
"../../../Engine/Content/EngineMaterials/BaseFlattenGrayscaleMap.uasset" 130
"../../../Engine/Content/EngineMaterials/BaseFlattenEmissiveMap.uasset" 131
"../../../Engine/Content/EngineMaterials/BaseFlattenDiffuseMap.uasset" 132
"../../../Engine/Content/EngineMaterials/BaseFlattenMaterial.uasset" 133
"../../../Engine/Content/EngineMaterials/BlueNoise.uasset" 134
"../../../Engine/Content/EngineMaterials/DefaultBloomKernel.uasset" 135
"../../../Engine/Content/EngineMaterials/DefaultBokeh.uasset" 136
"../../../Engine/Content/EngineMaterials/DefaultDiffuse.uasset" 137
"../../../Engine/Content/EngineMaterials/DefaultDeferredDecalMaterial.uasset" 138
"../../../Engine/Content/EngineMaterials/DefaultLightFunctionMaterial.uasset" 139
"../../../Engine/Content/EngineMaterials/DefaultPhysicalMaterial.uasset" 140
"../../../Engine/Content/Functions/Engine_MaterialFunctions02/Utility/BreakOutFloat2Components.uasset" 141
"../../../Engine/Content/EngineMaterials/DefaultPostProcessMaterial.uasset" 142
"../../../Engine/Content/EngineFonts/RobotoDistanceField.uasset" 143
"../../../Engine/Content/EngineMaterials/DefaultTextMaterialOpaque.uasset" 144
"../../../Engine/Content/EngineMaterials/DefaultWhiteGrid.uasset" 145
"../../../Engine/Content/EngineMaterials/DefaultWhiteGrid_Low.uasset" 146
"../../../Engine/Content/EngineMaterials/EmissiveMeshMaterial.uasset" 147
"../../../Engine/Content/EngineMaterials/GizmoMaterial.uasset" 148
"../../../Engine/Content/EngineMaterials/Good64x64TilingNoiseHighFreq.uasset" 149
"../../../Engine/Content/EngineMaterials/MiniFont.uasset" 150
"../../../Engine/Content/EngineMaterials/InvalidLightmapSettings.uasset" 151
"../../../Engine/Content/EngineMaterials/M_InvalidLightmapSettings.uasset" 152
"../../../Engine/Content/Functions/Engine_MaterialFunctions02/WorldPositionOffset/CameraOffset.uasset" 153
"../../../Engine/Content/EngineMaterials/PhAT_JointLimitMaterial.uasset" 154
"../../../Engine/Content/EngineMaterials/PreintegratedSkinBRDF.uasset" 155
"../../../Engine/Content/EngineMaterials/RemoveSurfaceMaterial.uasset" 156
"../../../Engine/Content/EngineMaterials/WeightMapPlaceholderTexture.uasset" 157
"../../../Engine/Content/EngineResources/WhiteSquareTexture.uasset" 158
"../../../Engine/Content/EngineMaterials/Widget3DPassThrough.uasset" 159
"../../../Engine/Content/EngineMaterials/Widget3DPassThrough_Masked.uasset" 160
"../../../Engine/Content/EngineMaterials/Widget3DPassThrough_Opaque.uasset" 161
"../../../Engine/Content/EngineMaterials/Widget3DPassThrough_Masked_OneSided.uasset" 162
"../../../Engine/Content/EngineMaterials/Widget3DPassThrough_Opaque_OneSided.uasset" 163
"../../../Engine/Content/EngineMaterials/Widget3DPassThrough_Translucent.uasset" 164
"../../../Engine/Content/EngineMaterials/Widget3DPassThrough_Translucent_OneSided.uasset" 165
"../../../Engine/Content/EngineMeshes/Cylinder.uasset" 166
"../../../Engine/Content/EngineMeshes/Sphere.uasset" 167
"../../../Engine/Content/EngineResources/Black.uasset" 168
"../../../Engine/Content/EngineResources/DefaultTextureCube.uasset" 169
"../../../Engine/Content/EngineResources/DefaultVolumeTexture2D.uasset" 170
"../../../Engine/Content/EngineResources/DefaultVolumeTexture.uasset" 171
"../../../Engine/Content/EngineResources/GradientTexture0.uasset" 172
"../../../Engine/Content/EngineSky/VolumetricClouds/T_NoiseShape64.uasset" 173
"../../../Engine/Content/EngineSky/VolumetricClouds/T_VolumeNoiseShape64.uasset" 174
"../../../Engine/Content/EngineSky/VolumetricClouds/T_NoiseErosion.uasset" 175
"../../../Engine/Content/EngineSky/VolumetricClouds/T_VolumeNoiseErosion32.uasset" 176
"../../../Engine/Content/EngineSky/VolumetricClouds/CloudWeatherTexture.uasset" 177
"../../../Engine/Content/EngineSky/VolumetricClouds/CloudGradientTexture.uasset" 178
"../../../Engine/Content/Functions/Engine_MaterialFunctions02/Utility/MakeFloat2.uasset" 179
"../../../Engine/Content/EngineSky/VolumetricClouds/m_SimpleVolumetricCloud.uasset" 180
"../../../Engine/Content/EngineSky/VolumetricClouds/m_SimpleVolumetricCloud_Inst.uasset" 181
"../../../Engine/Content/EngineSounds/Master.uasset" 182
"../../../Engine/Content/Functions/Engine_MaterialFunctions01/Shading/PowerToRoughness.uasset" 183
"../../../Engine/Content/Maps/Templates/Thumbnails/Default.uasset" 184
"../../../Engine/Content/Maps/Templates/Thumbnails/TimeOfDay.uasset" 185
"../../../Engine/Content/Maps/Templates/Thumbnails/VR-Basic.uasset" 186
"../../../Engine/Content/MobileResources/T_MobileControls_texture.uasset" 187
"../../../Engine/Content/MobileResources/T_MobileMenu2.uasset" 188
"../../../Engine/Content/MobileResources/HUD/AnalogHat.uasset" 189
"../../../Engine/Content/MobileResources/HUD/VirtualJoystick_Thumb.uasset" 190
"../../../Engine/Content/MobileResources/HUD/VirtualJoystick_Background.uasset" 191
"../../../Engine/Content/MobileResources/HUD/DefaultVirtualJoysticks.uasset" 192
"../../../Engine/Content/MobileResources/HUD/LeftVirtualJoystickOnly.uasset" 193
"../../../Engine/Content/MobileResources/HUD/MobileHUDButton1_off.uasset" 194
"../../../Engine/Content/MobileResources/HUD/MobileHUDButton1_on.uasset" 195
"../../../Engine/Content/MobileResources/HUD/MobileHUDButton2_off.uasset" 196
"../../../Engine/Content/MobileResources/HUD/MobileHUDButton2_on.uasset" 197
"../../../Engine/Content/MobileResources/HUD/MobileHUDButton3.uasset" 198
"../../../Engine/Content/MobileResources/HUD/MobileHUDButtonFire.uasset" 199
"../../../Engine/Content/MobileResources/HUD/MobileHUDDirectionPad.uasset" 200
"../../../Engine/Content/MobileResources/HUD/MobileHUDDirectionPad2.uasset" 201
"../../../Engine/Content/MobileResources/HUD/MobileHUDDirectionPad3.uasset" 202
"../../../Engine/Content/MobileResources/HUD/MobileHUDDirectionStick.uasset" 203
"../../../Engine/Content/MobileResources/HUD/T_Castle_ThumbstickInner.uasset" 204
"../../../Engine/Content/MobileResources/HUD/T_Castle_ThumbstickOutter.uasset" 205
"../../../Engine/Content/Tutorial/ContentIntroCurve.uasset" 206
"../../../Engine/Content/Tutorial/Basics/LevelEditorAttract.uasset" 207
"../../../Engine/Content/VREditor/TransformGizmo/TranslucentTransformGizmoMaterial.uasset" 208
"../../../Engine/Content/VREditor/LaserPointer/VR_LaserPower_01.uasset" 209
"../../../Engine/Content/VREditor/TransformGizmo/TransformGizmoMaterial.uasset" 210
"../../../Engine/Content/VREditor/TransformGizmo/BoundingBoxCorner.uasset" 211
"../../../Engine/Content/VREditor/TransformGizmo/BoundingBoxEdge.uasset" 212
"../../../Engine/Content/VREditor/TransformGizmo/PlaneTranslationHandle.uasset" 213
"../../../Engine/Content/VREditor/TransformGizmo/Xray.uasset" 214
"../../../Engine/Content/VREditor/TransformGizmo/Main.uasset" 215
"../../../Engine/Content/VREditor/TransformGizmo/SM_Sequencer_Key.uasset" 216
"../../../Engine/Content/VREditor/TransformGizmo/SM_Sequencer_Node.uasset" 217
"../../Plugins/2D/Paper2D/Content/PlaceholderTextures/DummySpriteTexture.uasset" 218
"../../Plugins/2D/Paper2D/Content/DummySprite.uasset" 219
"../../Plugins/2D/Paper2D/Content/DefaultPaperTerrainMaterial.uasset" 220
"../../Plugins/2D/Paper2D/Content/DefaultSpriteMaterial.uasset" 221
"../../Plugins/2D/Paper2D/Content/MaskedUnlitSpriteMaterial.uasset" 222
"../../Plugins/2D/Paper2D/Content/OpaqueUnlitSpriteMaterial.uasset" 223
"../../../Engine/Content/BasicShapes/Cylinder.uasset" 224
"../../../Engine/Content/ArtTools/RenderToTexture/Materials/Debug/M_Emissive_Color.uasset" 225
"../../Plugins/Lumin/MagicLeapPassableWorld/Content/MagicLeapARPinInfoActor.uasset" 226
"../../../Engine/Content/Functions/Engine_MaterialFunctions02/Utility/BreakOutFloat3Components.uasset" 227
"../../Plugins/Editor/SpeedTreeImporter/Content/SpeedTree9/UnpackInteger3.uasset" 228
"../../Plugins/Editor/SpeedTreeImporter/Content/SpeedTree9/UnpackDirection.uasset" 229
"../../Plugins/Editor/SpeedTreeImporter/Content/SpeedTree9/game_wind_noise.uasset" 230
"../../../Engine/Content/Functions/Engine_MaterialFunctions02/SafeNormalize.uasset" 231
"../../Plugins/Editor/SpeedTreeImporter/Content/SpeedTree9/SpeedTreeWindMotion.uasset" 232
"../../Plugins/Editor/SpeedTreeImporter/Content/SpeedTree9/SpeedTreeBranchMotion.uasset" 233
"../../../Engine/Content/Functions/Engine_MaterialFunctions02/ObjectLocalBounds.uasset" 234
"../../../Engine/Content/Functions/Engine_MaterialFunctions02/UVs/BoundingBoxBased_0-1_UVW.uasset" 235
"../../Plugins/Editor/SpeedTreeImporter/Content/SpeedTree9/SpeedTreeWind.uasset" 236
"../../Plugins/Editor/SpeedTreeImporter/Content/SpeedTree9/SpeedTreeBillboard.uasset" 237
"../../../Engine/Content/EngineResources/DefaultTexture.uasset" 238
"../../Plugins/Editor/SpeedTreeImporter/Content/SpeedTree9/SpeedTreeBillboardMaster.uasset" 239
"../../Plugins/Editor/SpeedTreeImporter/Content/SpeedTree9/SpeedTreeCameraFacing.uasset" 240
"../../Plugins/Editor/SpeedTreeImporter/Content/SpeedTree9/SpeedTreeMaster.uasset" 241
"../../../../Unreal Projects/ShitGaem2/Content/StarterContent/Shapes/Shape_Wedge_A.uasset" 242
"../../../../Unreal Projects/ShitGaem2/Content/Geometry/Meshes/CubeMaterial.uasset" 243
"../../../../Unreal Projects/ShitGaem2/Content/Geometry/Meshes/TemplateFloor.uasset" 244
"../../../../Unreal Projects/ShitGaem2/Content/Geometry/Meshes/1M_Cube.uasset" 245
"../../../Engine/Content/EngineSky/T_Sky_Stars.uasset" 246
"../../../Engine/Content/EngineSky/T_Sky_Clouds_M.uasset" 247
"../../../Engine/Content/EngineSky/T_Sky_Blue.uasset" 248
"../../../../Unreal Projects/ShitGaem2/Content/StarterContent/Textures/T_Ground_Moss_N.uasset" 249
"../../../../Unreal Projects/ShitGaem2/Content/StarterContent/Textures/T_ground_Moss_D.uasset" 250
"../../../../Unreal Projects/ShitGaem2/Content/StarterContent/Materials/M_Ground_Moss.uasset" 251
"../../../Engine/Content/EngineSky/M_Sky_Panning_Clouds2.uasset" 252
"../../../../Unreal Projects/ShitGaem2/Content/Maps/soccer_2player_BuiltData.uasset" 253
"../../../../Unreal Projects/ShitGaem2/Content/StarterContent/Textures/T_Ground_Grass_N.uasset" 254
"../../../../Unreal Projects/ShitGaem2/Content/StarterContent/Textures/T_Ground_Grass_D.uasset" 255
"../../../../Unreal Projects/ShitGaem2/Content/StarterContent/Materials/M_Ground_Grass.uasset" 256
"../../../../Unreal Projects/ShitGaem2/Content/Ground.uasset" 257
"../../../../Unreal Projects/ShitGaem2/Content/Gamebounds_BP.uasset" 258
"../../../Engine/Content/EngineMaterials/DefaultDecalMaterial.uasset" 259
"../../../Engine/Content/VREditor/LaserPointer/LaserPointerMaterial.uasset" 260
"../../../Engine/Content/VREditor/LaserPointer/LaserPointerMaterialInst.uasset" 261
"../../../../Unreal Projects/ShitGaem2/Content/Blueprints/shitty_goal_BP.uasset" 262
"../../../Engine/Content/EngineSky/SM_SkySphere.uasset" 263
"../../../Engine/Content/EngineSky/C_Sky_Zenith_Color.uasset" 264
"../../../Engine/Content/EngineSky/C_Sky_Horizon_Color.uasset" 265
"../../../Engine/Content/EngineSky/C_Sky_Cloud_Color.uasset" 266
"../../../Engine/Content/EditorBlueprintResources/StandardMacros.uasset" 267
"../../../Engine/Content/EngineSky/BP_Sky_Sphere.uasset" 268
"../../../../Unreal Projects/ShitGaem2/Content/StarterContent/Audio/Explosion01.uasset" 269
"../../../../Unreal Projects/ShitGaem2/Content/StarterContent/Particles/Materials/M_radial_ramp.uasset" 270
"../../../../Unreal Projects/ShitGaem2/Content/StarterContent/Particles/Materials/m_flare_01.uasset" 271
"../../../../Unreal Projects/ShitGaem2/Content/StarterContent/Textures/T_Explosion_SubUV.uasset" 272
"../../../../Unreal Projects/ShitGaem2/Content/StarterContent/Particles/Materials/M_explosion_subUV.uasset" 273
"../../../../Unreal Projects/ShitGaem2/Content/StarterContent/Textures/T_Burst_M.uasset" 274
"../../../../Unreal Projects/ShitGaem2/Content/StarterContent/Particles/Materials/M_Burst.uasset" 275
"../../../../Unreal Projects/ShitGaem2/Content/StarterContent/Particles/P_Explosion.uasset" 276
"../../../../Unreal Projects/ShitGaem2/Content/ShittyGoalRed.uasset" 277
"../../../../Unreal Projects/ShitGaem2/Content/ShittyGoalGreen.uasset" 278
"../../../../Unreal Projects/ShitGaem2/Content/Maps/soccer_2player.umap" 279
"../../../Engine/Content/BasicShapes/Cube.uasset" 280
"../../../Engine/Content/VREditor/LaserPointer/LaserPointerMaterial_Inst.uasset" 281
"../../../../Unreal Projects/ShitGaem2/Content/StarterContent/Textures/T_RockMesh_N.uasset" 282
"../../../../Unreal Projects/ShitGaem2/Content/StarterContent/Textures/T_RockMesh_M.uasset" 283
"../../../../Unreal Projects/ShitGaem2/Content/StarterContent/Textures/T_Rock_Basalt_D.uasset" 284
"../../../../Unreal Projects/ShitGaem2/Content/StarterContent/Textures/T_Detail_Rocky_N.uasset" 285
"../../../../Unreal Projects/ShitGaem2/Content/StarterContent/Props/Materials/M_Rock.uasset" 286
"../../../../Unreal Projects/ShitGaem2/Content/StarterContent/Materials/M_Glass.uasset" 287
"../../../../Unreal Projects/ShitGaem2/Content/StarterContent/Textures/T_Concrete_Tiles_Variation_M.uasset" 288
"../../../../Unreal Projects/ShitGaem2/Content/StarterContent/Textures/T_Concrete_Tiles_N.uasset" 289
"../../../../Unreal Projects/ShitGaem2/Content/StarterContent/Textures/T_Concrete_Tiles_M.uasset" 290
"../../../../Unreal Projects/ShitGaem2/Content/StarterContent/Textures/T_Concrete_Tiles_D.uasset" 291
"../../../../Unreal Projects/ShitGaem2/Content/StarterContent/Materials/M_Concrete_Tiles.uasset" 292
"../../../../Unreal Projects/ShitGaem2/Content/StarterContent/Shapes/Shape_Pipe_90.uasset" 293
"../../../Engine/Content/BasicShapes/Cone.uasset" 294
"../../../Engine/Content/Tutorial/SubEditors/TutorialAssets/T_soft_smoke.uasset" 295
"../../../Engine/Content/Tutorial/SubEditors/TutorialAssets/T_SmokeSubUV_8X8.uasset" 296
"../../../Engine/Content/Tutorial/SubEditors/TutorialAssets/M_smoke_subUV_blackbody.uasset" 297
"../../../Engine/Content/Tutorial/SubEditors/TutorialAssets/TutorialParticleSystem.uasset" 298
"../../../../Unreal Projects/ShitGaem2/Content/Blueprints/Brazier_BP.uasset" 299
"../../../../Unreal Projects/ShitGaem2/Content/Maps/soccer4p_BuiltData.uasset" 300
"../../../../Unreal Projects/ShitGaem2/Content/Maps/soccer4p.umap" 301
"../../../../Unreal Projects/ShitGaem2/Content/StarterContent/Materials/M_AssetPlatform.uasset" 302
"../../../../Unreal Projects/ShitGaem2/Content/StarterContent/Architecture/SM_AssetPlatform.uasset" 303
"../../../Engine/Content/EditorMeshes/ColorCalibrator/M_GreyBall.uasset" 304
"../../../Engine/Content/EditorMeshes/ColorCalibrator/Color_checker.uasset" 305
"../../../Engine/Content/EditorMeshes/ColorCalibrator/M_ColorGrid.uasset" 306
"../../../Engine/Content/EditorMeshes/ColorCalibrator/M_ClearCoatBlack.uasset" 307
"../../../Engine/Content/EditorMeshes/ColorCalibrator/M_ClearCoat.uasset" 308
"../../../Engine/Content/EditorMeshes/ColorCalibrator/M_ChromeBall.uasset" 309
"../../../Engine/Content/EditorMeshes/ColorCalibrator/SM_ColorCalibrator.uasset" 310
"../../../../Unreal Projects/ShitGaem2/Content/StarterContent/Maps/Advanced_Lighting_BuiltData.uasset" 311
"../../../../Unreal Projects/ShitGaem2/Content/StarterContent/HDRI/HDRI_Epic_Courtyard_Daylight.uasset" 312
"../../../Engine/Content/MapTemplates/Sky/DaylightAmbientCubemap.uasset" 313
"../../../../Unreal Projects/ShitGaem2/Content/StarterContent/Blueprints/Assets/M_LightStage_Skybox_Master.uasset" 314
"../../../../Unreal Projects/ShitGaem2/Content/StarterContent/Blueprints/Assets/M_LightStage_Skybox_HDRI.uasset" 315
"../../../../Unreal Projects/ShitGaem2/Content/StarterContent/Blueprints/Assets/M_LightStage_Arrows.uasset" 316
"../../../../Unreal Projects/ShitGaem2/Content/StarterContent/Blueprints/Assets/SM_Arrows.uasset" 317
"../../../Engine/Content/EditorMaterials/Thumbnails/SkySphereMaterial.uasset" 318
"../../../../Unreal Projects/ShitGaem2/Content/StarterContent/Blueprints/Assets/Skybox.uasset" 319
"../../../../Unreal Projects/ShitGaem2/Content/StarterContent/Blueprints/Assets/M_LightStage_Skybox_Black.uasset" 320
"../../../../Unreal Projects/ShitGaem2/Content/StarterContent/Blueprints/Assets/SunlightColorLUT.uasset" 321
"../../../../Unreal Projects/ShitGaem2/Content/StarterContent/Blueprints/Assets/FogBrightnessLUT.uasset" 322
"../../../../Unreal Projects/ShitGaem2/Content/StarterContent/Blueprints/BP_LightStudio.uasset" 323
"../../../../Unreal Projects/ShitGaem2/Content/StarterContent/Maps/Advanced_Lighting.umap" 324
"../../../../Unreal Projects/ShitGaem2/Content/StarterContent/Materials/M_Basic_Floor.uasset" 325
"../../../../Unreal Projects/ShitGaem2/Content/StarterContent/Architecture/Floor_400x400.uasset" 326
"../../../../Unreal Projects/ShitGaem2/Content/StarterContent/Textures/T_TableRound_N.uasset" 327
"../../../../Unreal Projects/ShitGaem2/Content/StarterContent/Textures/T_TableRound_M.uasset" 328
"../../../../Unreal Projects/ShitGaem2/Content/StarterContent/Props/Materials/M_TableRound.uasset" 329
"../../../../Unreal Projects/ShitGaem2/Content/StarterContent/Props/SM_TableRound.uasset" 330
"../../../../Unreal Projects/ShitGaem2/Content/StarterContent/Textures/T_Statue_N.uasset" 331
"../../../../Unreal Projects/ShitGaem2/Content/StarterContent/Textures/T_Statue_M.uasset" 332
"../../../../Unreal Projects/ShitGaem2/Content/StarterContent/Props/Materials/M_Statue.uasset" 333
"../../../../Unreal Projects/ShitGaem2/Content/StarterContent/Props/Materials/M_StatueGlass.uasset" 334
"../../../../Unreal Projects/ShitGaem2/Content/StarterContent/Props/SM_Statue.uasset" 335
"../../../../Unreal Projects/ShitGaem2/Content/StarterContent/Textures/T_Chair_N.uasset" 336
"../../../../Unreal Projects/ShitGaem2/Content/StarterContent/Textures/T_Chair_M.uasset" 337
"../../../../Unreal Projects/ShitGaem2/Content/StarterContent/Props/Materials/M_Chair.uasset" 338
"../../../../Unreal Projects/ShitGaem2/Content/StarterContent/Props/SM_Chair.uasset" 339
"../../../../Unreal Projects/ShitGaem2/Content/StarterContent/Textures/T_Metal_Copper_D.uasset" 340
"../../../../Unreal Projects/ShitGaem2/Content/StarterContent/Materials/M_Metal_Copper.uasset" 341
"../../../../Unreal Projects/ShitGaem2/Content/StarterContent/Textures/T_Metal_Aluminum_D.uasset" 342
"../../../../Unreal Projects/ShitGaem2/Content/StarterContent/Materials/M_Metal_Burnished_Steel.uasset" 343
"../../../../Unreal Projects/ShitGaem2/Content/StarterContent/Materials/M_Metal_Brushed_Nickel.uasset" 344
"../../../../Unreal Projects/ShitGaem2/Content/StarterContent/Maps/Minimal_Default_BuiltData.uasset" 345
"../../../../Unreal Projects/ShitGaem2/Content/StarterContent/Audio/Starter_Background_Cue.uasset" 346
"../../../../Unreal Projects/ShitGaem2/Content/StarterContent/Maps/Minimal_Default.umap" 347
"../../../../Unreal Projects/ShitGaem2/Content/StarterContent/Architecture/Wall_Window_400x300.uasset" 348
"../../../../Unreal Projects/ShitGaem2/Content/StarterContent/Architecture/Wall_400x200.uasset" 349
"../../../../Unreal Projects/ShitGaem2/Content/StarterContent/Architecture/Wall_Door_400x300.uasset" 350
"../../../../Unreal Projects/ShitGaem2/Content/StarterContent/Shapes/Shape_QuadPyramid.uasset" 351
"../../../../Unreal Projects/ShitGaem2/Content/StarterContent/Shapes/Shape_Cube.uasset" 352
"../../../../Unreal Projects/ShitGaem2/Content/StarterContent/Textures/T_Frame_N.uasset" 353
"../../../../Unreal Projects/ShitGaem2/Content/StarterContent/Textures/T_Frame_M.uasset" 354
"../../../../Unreal Projects/ShitGaem2/Content/StarterContent/Props/Materials/M_Frame.uasset" 355
"../../../../Unreal Projects/ShitGaem2/Content/StarterContent/Props/SM_WindowFrame.uasset" 356
"../../../../Unreal Projects/ShitGaem2/Content/StarterContent/Props/SM_PillarFrame300.uasset" 357
"../../../../Unreal Projects/ShitGaem2/Content/StarterContent/Props/SM_PillarFrame.uasset" 358
"../../../../Unreal Projects/ShitGaem2/Content/StarterContent/Props/SM_GlassWindow.uasset" 359
"../../../../Unreal Projects/ShitGaem2/Content/StarterContent/Props/SM_DoorFrame.uasset" 360
"../../../../Unreal Projects/ShitGaem2/Content/StarterContent/Props/SM_CornerFrame.uasset" 361
"../../../../Unreal Projects/ShitGaem2/Content/StarterContent/Textures/T_Dust_Particle_D.uasset" 362
"../../../../Unreal Projects/ShitGaem2/Content/StarterContent/Particles/Materials/M_Dust_Particle.uasset" 363
"../../../../Unreal Projects/ShitGaem2/Content/StarterContent/Particles/P_Ambient_Dust.uasset" 364
"../../../../Unreal Projects/ShitGaem2/Content/StarterContent/Textures/T_Wood_Walnut_N.uasset" 365
"../../../../Unreal Projects/ShitGaem2/Content/StarterContent/Textures/T_Wood_Walnut_D.uasset" 366
"../../../../Unreal Projects/ShitGaem2/Content/StarterContent/Materials/M_Wood_Walnut.uasset" 367
"../../../Engine/Content/Functions/Engine_MaterialFunctions01/Opacity/AlphaOffset.uasset" 368
"../../../../Unreal Projects/ShitGaem2/Content/StarterContent/Materials/M_Wood_Floor_Walnut_Worn.uasset" 369
"../../../../Unreal Projects/ShitGaem2/Content/StarterContent/Materials/M_Water_Lake.uasset" 370
"../../../../Unreal Projects/ShitGaem2/Content/StarterContent/Textures/T_Tech_Hex_Tile_N.uasset" 371
"../../../../Unreal Projects/ShitGaem2/Content/StarterContent/Textures/T_Tech_Hex_Tile_M.uasset" 372
"../../../../Unreal Projects/ShitGaem2/Content/StarterContent/Materials/M_Tech_Hex_Tile_Pulse.uasset" 373
"../../../../Unreal Projects/ShitGaem2/Content/StarterContent/Materials/M_Tech_Hex_Tile.uasset" 374
"../../../../Unreal Projects/ShitGaem2/Content/StarterContent/Textures/T_Tech_Dot_N.uasset" 375
"../../../../Unreal Projects/ShitGaem2/Content/StarterContent/Textures/T_Tech_Dot_M.uasset" 376
"../../../../Unreal Projects/ShitGaem2/Content/StarterContent/Textures/T_Single_Tile_N.uasset" 377
"../../../../Unreal Projects/ShitGaem2/Content/StarterContent/Textures/T_Checker_Noise_M.uasset" 378
"../../../../Unreal Projects/ShitGaem2/Content/StarterContent/Materials/M_Tech_Checker_Dot.uasset" 379
"../../../../Unreal Projects/ShitGaem2/Content/StarterContent/Textures/T_Rock_Slate_N.uasset" 380
"../../../../Unreal Projects/ShitGaem2/Content/StarterContent/Textures/T_Rock_Slate_D.uasset" 381
"../../../../Unreal Projects/ShitGaem2/Content/StarterContent/Materials/M_Rock_Slate.uasset" 382
"../../../../Unreal Projects/ShitGaem2/Content/StarterContent/Textures/T_Rock_Sandstone_N.uasset" 383
"../../../../Unreal Projects/ShitGaem2/Content/StarterContent/Textures/T_Rock_Sandstone_D.uasset" 384
"../../../../Unreal Projects/ShitGaem2/Content/StarterContent/Materials/M_Rock_Sandstone.uasset" 385
"../../../../Unreal Projects/ShitGaem2/Content/StarterContent/Textures/T_Rock_Marble_Polished_D.uasset" 386
"../../../../Unreal Projects/ShitGaem2/Content/StarterContent/Materials/M_Rock_Marble_Polished.uasset" 387
"../../../../Unreal Projects/ShitGaem2/Content/StarterContent/Textures/T_Rock_Basalt_N.uasset" 388
"../../../../Unreal Projects/ShitGaem2/Content/StarterContent/Materials/M_Rock_Basalt.uasset" 389
"../../../../Unreal Projects/ShitGaem2/Content/StarterContent/Textures/T_Metal_Steel_N.uasset" 390
"../../../../Unreal Projects/ShitGaem2/Content/StarterContent/Materials/M_Metal_Steel.uasset" 391
"../../../../Unreal Projects/ShitGaem2/Content/StarterContent/Textures/T_Metal_Rust_D.uasset" 392
"../../../../Unreal Projects/ShitGaem2/Content/StarterContent/Textures/T_Metal_Rust_N.uasset" 393
"../../../../Unreal Projects/ShitGaem2/Content/StarterContent/Materials/M_Metal_Rust.uasset" 394
"../../../../Unreal Projects/ShitGaem2/Content/StarterContent/Materials/M_Metal_Chrome.uasset" 395
"../../../../Unreal Projects/ShitGaem2/Content/StarterContent/Textures/T_Ground_Gravel_N.uasset" 396
"../../../../Unreal Projects/ShitGaem2/Content/StarterContent/Textures/T_Ground_Gravel_D.uasset" 397
"../../../../Unreal Projects/ShitGaem2/Content/StarterContent/Materials/M_Ground_Gravel.uasset" 398
"../../../../Unreal Projects/ShitGaem2/Content/StarterContent/Textures/T_Concrete_Panels_N.uasset" 399
"../../../../Unreal Projects/ShitGaem2/Content/StarterContent/Textures/T_Concrete_Panels_D.uasset" 400
"../../../../Unreal Projects/ShitGaem2/Content/StarterContent/Materials/M_Concrete_Panels.uasset" 401
"../../../../Unreal Projects/ShitGaem2/Content/StarterContent/Textures/T_Concrete_Grime_D.uasset" 402
"../../../../Unreal Projects/ShitGaem2/Content/StarterContent/Materials/M_Concrete_Grime.uasset" 403
"../../../../Unreal Projects/ShitGaem2/Content/StarterContent/Textures/T_CobbleStone_Smooth_N.uasset" 404
"../../../../Unreal Projects/ShitGaem2/Content/StarterContent/Textures/T_CobbleStone_Smooth_M.uasset" 405
"../../../../Unreal Projects/ShitGaem2/Content/StarterContent/Textures/T_CobbleStone_Smooth_D.uasset" 406
"../../../../Unreal Projects/ShitGaem2/Content/StarterContent/Textures/T_Rock_Smooth_Granite_D.uasset" 407
"../../../../Unreal Projects/ShitGaem2/Content/StarterContent/Textures/T_Gradinet_01.uasset" 408
"../../../../Unreal Projects/ShitGaem2/Content/StarterContent/Materials/M_CobbleStone_Smooth.uasset" 409
"../../../../Unreal Projects/ShitGaem2/Content/StarterContent/Textures/T_CobbleStone_Rough_N.uasset" 410
"../../../../Unreal Projects/ShitGaem2/Content/StarterContent/Textures/T_CobbleStone_Rough_D.uasset" 411
"../../../../Unreal Projects/ShitGaem2/Content/StarterContent/Materials/M_CobbleStone_Rough.uasset" 412
"../../../../Unreal Projects/ShitGaem2/Content/StarterContent/Textures/T_CobbleStone_Pebble_N.uasset" 413
"../../../../Unreal Projects/ShitGaem2/Content/StarterContent/Textures/T_CobbleStone_Pebble_M.uasset" 414
"../../../../Unreal Projects/ShitGaem2/Content/StarterContent/Textures/T_CobbleStone_Pebble_D.uasset" 415
"../../../../Unreal Projects/ShitGaem2/Content/StarterContent/Materials/M_CobbleStone_Pebble.uasset" 416
"../../../../Unreal Projects/ShitGaem2/Content/StarterContent/Textures/T_Ceramic_Tile_N.uasset" 417
"../../../../Unreal Projects/ShitGaem2/Content/StarterContent/Textures/T_Ceramic_Tile_M.uasset" 418
"../../../../Unreal Projects/ShitGaem2/Content/StarterContent/Materials/M_Ceramic_Tile_Checker.uasset" 419
"../../../../Unreal Projects/ShitGaem2/Content/StarterContent/Textures/T_Brick_Hewn_Stone_N.uasset" 420
"../../../../Unreal Projects/ShitGaem2/Content/StarterContent/Textures/T_Brick_Hewn_Stone_M.uasset" 421
"../../../../Unreal Projects/ShitGaem2/Content/StarterContent/Textures/T_Brick_Hewn_Stone_D.uasset" 422
"../../../../Unreal Projects/ShitGaem2/Content/StarterContent/Materials/M_Brick_Hewn_Stone.uasset" 423
"../../../../Unreal Projects/ShitGaem2/Content/StarterContent/Textures/T_Brick_Cut_Stone_N.uasset" 424
"../../../../Unreal Projects/ShitGaem2/Content/StarterContent/Textures/T_Brick_Cut_Stone_D.uasset" 425
"../../../../Unreal Projects/ShitGaem2/Content/StarterContent/Materials/M_Brick_Cut_Stone.uasset" 426
"../../../../Unreal Projects/ShitGaem2/Content/StarterContent/Textures/T_Brick_Clay_Old_N.uasset" 427
"../../../../Unreal Projects/ShitGaem2/Content/StarterContent/Textures/T_Brick_Clay_Old_D.uasset" 428
"../../../../Unreal Projects/ShitGaem2/Content/StarterContent/Materials/M_Brick_Clay_Old.uasset" 429
"../../../../Unreal Projects/ShitGaem2/Content/StarterContent/Textures/T_Brick_Clay_New_N.uasset" 430
"../../../../Unreal Projects/ShitGaem2/Content/StarterContent/Textures/T_Brick_Clay_New_M.uasset" 431
"../../../../Unreal Projects/ShitGaem2/Content/StarterContent/Textures/T_Brick_Clay_New_D.uasset" 432
"../../../../Unreal Projects/ShitGaem2/Content/StarterContent/Materials/M_Brick_Clay_New.uasset" 433
"../../../../Unreal Projects/ShitGaem2/Content/StarterContent/Textures/T_Brick_Clay_Beveled_N.uasset" 434
"../../../../Unreal Projects/ShitGaem2/Content/StarterContent/Textures/T_Brick_Clay_Beveled_M.uasset" 435
"../../../../Unreal Projects/ShitGaem2/Content/StarterContent/Textures/T_Brick_Clay_Beveled_D.uasset" 436
"../../../../Unreal Projects/ShitGaem2/Content/StarterContent/Materials/M_Brick_Clay_Beveled.uasset" 437
"../../../Engine/Content/Functions/Engine_MaterialFunctions03/Procedurals/ComputeFilterWidth.uasset" 438
"../../../Engine/Content/EngineMaterials/AntiAliasedTextMaterialTranslucent.uasset" 439
"../../../../Unreal Projects/ShitGaem2/Content/StarterContent/Maps/StarterMap_BuiltData.uasset" 440
"../../../../Unreal Projects/ShitGaem2/Content/StarterContent/Textures/T_Concrete_Poured_N.uasset" 441
"../../../../Unreal Projects/ShitGaem2/Content/StarterContent/Textures/T_Concrete_Poured_D.uasset" 442
"../../../../Unreal Projects/ShitGaem2/Content/StarterContent/Materials/M_Concrete_Poured.uasset" 443
"../../../../Unreal Projects/ShitGaem2/Content/StarterContent/Textures/T_Lamp_N.uasset" 444
"../../../../Unreal Projects/ShitGaem2/Content/StarterContent/Textures/T_Lamp_M.uasset" 445
"../../../../Unreal Projects/ShitGaem2/Content/StarterContent/Props/Materials/M_Lamp.uasset" 446
"../../../../Unreal Projects/ShitGaem2/Content/StarterContent/Props/SM_Lamp_Wall.uasset" 447
"../../../../Unreal Projects/ShitGaem2/Content/StarterContent/Blueprints/Blueprint_WallSconce.uasset" 448
"../../../../Unreal Projects/ShitGaem2/Content/StarterContent/Particles/P_Steam_Lit.uasset" 449
"../../../../Unreal Projects/ShitGaem2/Content/StarterContent/Audio/Steam01_Cue.uasset" 450
"../../../../Unreal Projects/ShitGaem2/Content/StarterContent/Blueprints/Blueprint_Effect_Steam.uasset" 451
"../../../../Unreal Projects/ShitGaem2/Content/StarterContent/Audio/Fire_Sparks01_Cue.uasset" 452
"../../../../Unreal Projects/ShitGaem2/Content/StarterContent/Blueprints/Blueprint_Effect_Sparks.uasset" 453
"../../../../Unreal Projects/ShitGaem2/Content/StarterContent/Particles/P_Smoke.uasset" 454
"../../../../Unreal Projects/ShitGaem2/Content/StarterContent/Audio/Smoke01_Cue.uasset" 455
"../../../../Unreal Projects/ShitGaem2/Content/StarterContent/Blueprints/Blueprint_Effect_Smoke.uasset" 456
"../../../../Unreal Projects/ShitGaem2/Content/StarterContent/Particles/Materials/M_Heat_Distortion.uasset" 457
"../../../../Unreal Projects/ShitGaem2/Content/StarterContent/Textures/T_Fire_Tiled_D.uasset" 458
"../../../../Unreal Projects/ShitGaem2/Content/StarterContent/Textures/T_Fire_SubUV.uasset" 459
"../../../../Unreal Projects/ShitGaem2/Content/StarterContent/Particles/Materials/M_Fire_SubUV.uasset" 460
"../../../../Unreal Projects/ShitGaem2/Content/StarterContent/Particles/P_Fire.uasset" 461
"../../../../Unreal Projects/ShitGaem2/Content/StarterContent/Audio/Fire01_Cue.uasset" 462
"../../../../Unreal Projects/ShitGaem2/Content/StarterContent/Blueprints/Blueprint_Effect_Fire.uasset" 463
"../../../../Unreal Projects/ShitGaem2/Content/StarterContent/Props/SM_Lamp_Ceiling.uasset" 464
"../../../../Unreal Projects/ShitGaem2/Content/StarterContent/Blueprints/Blueprint_CeilingLight.uasset" 465
"../../../../Unreal Projects/ShitGaem2/Content/StarterContent/Audio/Starter_Music_Cue.uasset" 466
"../../../../Unreal Projects/ShitGaem2/Content/StarterContent/Audio/Collapse_Cue.uasset" 467
"../../../../Unreal Projects/ShitGaem2/Content/StarterContent/Maps/StarterMap.umap" 468
