"../../../../Users/fabio/Documents/Unreal Projects/ShitGaem2/Content/StarterContent/Materials/M_Basic_Wall.uasset" 0
"../../../../Users/fabio/Documents/Unreal Projects/ShitGaem2/Content/StarterContent/Shapes/Shape_Sphere.uasset" 1
"../../../../Users/fabio/Documents/Unreal Projects/ShitGaem2/Content/StarterContent/Textures/T_Spark_Core.uasset" 2
"../../../../Users/fabio/Documents/Unreal Projects/ShitGaem2/Content/StarterContent/Particles/Materials/M_Spark.uasset" 3
"../../../Engine/Content/Functions/Engine_MaterialFunctions01/Gradient/RadialGradient.uasset" 4
"../../../../Users/fabio/Documents/Unreal Projects/ShitGaem2/Content/StarterContent/Particles/Materials/M_Radial_Gradient.uasset" 5
"../../../../Users/fabio/Documents/Unreal Projects/ShitGaem2/Content/StarterContent/Textures/T_Smoke_Tiled_D.uasset" 6
"../../../../Users/fabio/Documents/Unreal Projects/ShitGaem2/Content/StarterContent/Textures/T_Smoke_SubUV.uasset" 7
"../../../../Users/fabio/Documents/Unreal Projects/ShitGaem2/Content/StarterContent/Particles/Materials/M_smoke_subUV.uasset" 8
"../../../../Users/fabio/Documents/Unreal Projects/ShitGaem2/Content/StarterContent/Particles/P_Sparks.uasset" 9
"../../../../Users/fabio/Documents/Unreal Projects/ShitGaem2/Content/StarterContent/Textures/T_Metal_Gold_D.uasset" 10
"../../../../Users/fabio/Documents/Unreal Projects/ShitGaem2/Content/StarterContent/Textures/T_Metal_Gold_N.uasset" 11
"../../../../Users/fabio/Documents/Unreal Projects/ShitGaem2/Content/StarterContent/Textures/T_MacroVariation.uasset" 12
"../../../../Users/fabio/Documents/Unreal Projects/ShitGaem2/Content/StarterContent/Materials/M_Metal_Gold.uasset" 13
"../../../../Users/fabio/Documents/Unreal Projects/ShitGaem2/Content/PowerUpNew.uasset" 14
"../../../../Users/fabio/Documents/Unreal Projects/ShitGaem2/Content/Blueprints/ogrim_Shape_NarrowCapsule_PhysicsAsset.uasset" 15
"../../../../Users/fabio/Documents/Unreal Projects/ShitGaem2/Content/Blueprints/ogrim_Shape_NarrowCapsule_Skeleton.uasset" 16
"../../../../Users/fabio/Documents/Unreal Projects/ShitGaem2/Content/StarterContent/Textures/T_Wood_Floor_Walnut_N.uasset" 17
"../../../../Users/fabio/Documents/Unreal Projects/ShitGaem2/Content/StarterContent/Textures/T_Wood_Floor_Walnut_M.uasset" 18
"../../../../Users/fabio/Documents/Unreal Projects/ShitGaem2/Content/StarterContent/Textures/T_Wood_Floor_Walnut_D.uasset" 19
"../../../../Users/fabio/Documents/Unreal Projects/ShitGaem2/Content/StarterContent/Textures/T_Perlin_Noise_M.uasset" 20
"../../../../Users/fabio/Documents/Unreal Projects/ShitGaem2/Content/StarterContent/Materials/M_Wood_Floor_Walnut_Polished.uasset" 21
"../../../../Users/fabio/Documents/Unreal Projects/ShitGaem2/Content/Blueprints/Ogrim_Green.uasset" 22
"../../../../Users/fabio/Documents/Unreal Projects/ShitGaem2/Content/selfimplemented/audio/gunshotsilenced.uasset" 23
"../../../../Users/fabio/Documents/Unreal Projects/ShitGaem2/Content/StarterContent/Textures/T_Water_M.uasset" 24
"../../../../Users/fabio/Documents/Unreal Projects/ShitGaem2/Content/StarterContent/Textures/T_Water_N.uasset" 25
"../../../Engine/Content/Functions/Engine_MaterialFunctions02/Utility/BlendAngleCorrectedNormals.uasset" 26
"../../../../Users/fabio/Documents/Unreal Projects/ShitGaem2/Content/StarterContent/Materials/M_Water_Ocean.uasset" 27
"../../../Engine/Content/EngineMaterials/T_Default_Material_Grid_N.uasset" 28
"../../../Engine/Content/EngineMaterials/T_Default_Material_Grid_M.uasset" 29
"../../../Engine/Content/Functions/Engine_MaterialFunctions01/Opacity/CameraDepthFade.uasset" 30
"../../../Engine/Content/EngineMaterials/WorldGridMaterial.uasset" 31
"../../../../Users/fabio/Documents/Unreal Projects/ShitGaem2/Content/StarterContent/Props/MaterialSphere.uasset" 32
"../../../../Users/fabio/Documents/Unreal Projects/ShitGaem2/Content/ShitProjectile.uasset" 33
"../../../../Users/fabio/Documents/Unreal Projects/ShitGaem2/Content/StarterContent/Textures/T_Wood_Pine_N.uasset" 34
"../../../../Users/fabio/Documents/Unreal Projects/ShitGaem2/Content/StarterContent/Textures/T_Wood_Pine_D.uasset" 35
"../../../../Users/fabio/Documents/Unreal Projects/ShitGaem2/Content/StarterContent/Materials/M_Wood_Pine.uasset" 36
"../../../../Users/fabio/Documents/Unreal Projects/ShitGaem2/Content/Blueprints/Ogrim_Red.uasset" 37
"../../../../Users/fabio/Documents/Unreal Projects/ShitGaem2/Content/Blueprints/ogrim_UCX_Shape_NarrowCapsule_PhysicsAsset.uasset" 38
"../../../../Users/fabio/Documents/Unreal Projects/ShitGaem2/Content/Blueprints/ogrim_UCX_Shape_NarrowCapsule_Skeleton.uasset" 39
"../../../../Users/fabio/Documents/Unreal Projects/ShitGaem2/Content/StarterContent/Textures/T_Wood_Oak_N.uasset" 40
"../../../../Users/fabio/Documents/Unreal Projects/ShitGaem2/Content/StarterContent/Textures/T_Wood_Oak_D.uasset" 41
"../../../../Users/fabio/Documents/Unreal Projects/ShitGaem2/Content/StarterContent/Materials/M_Wood_Oak.uasset" 42
"../../../../Users/fabio/Documents/Unreal Projects/ShitGaem2/Content/Blueprints/ogrim.uasset" 43
"../../../../Users/fabio/Documents/Unreal Projects/ShitGaem2/Content/Blueprints/Bobby_Default.uasset" 44
"../../../../Users/fabio/Documents/Unreal Projects/ShitGaem2/Content/Blueprints/Bobby_Green.uasset" 45
"../../../../Users/fabio/Documents/Unreal Projects/ShitGaem2/Content/Blueprints/Bobby_Red.uasset" 46
"../../../../Users/fabio/Documents/Unreal Projects/ShitGaem2/Content/SoccerPlayerController_BP.uasset" 47
"../../../../Users/fabio/Documents/Unreal Projects/ShitGaem2/Content/SoccerGameState_BP.uasset" 48
"../../../../Users/fabio/Documents/Unreal Projects/ShitGaem2/Content/selfimplemented/crosshair__2_.uasset" 49
"../../../../Users/fabio/Documents/Unreal Projects/ShitGaem2/Content/HUD/HUD.uasset" 50
"../../../../Users/fabio/Documents/Unreal Projects/ShitGaem2/Content/MenuHUD_BP.uasset" 51
"../../../../Users/fabio/Documents/Unreal Projects/ShitGaem2/Content/ShitGamemode.uasset" 52
"../../../Engine/Content/ArtTools/RenderToTexture/Meshes/S_1_Unit_Plane.uasset" 53
"../../../Engine/Content/BasicShapes/Plane.uasset" 54
"../../../Engine/Content/EngineMaterials/DefaultMaterial.uasset" 55
"../../../Engine/Content/BasicShapes/Sphere.uasset" 56
"../../../Engine/Content/EditorLandscapeResources/DataLayer.uasset" 57
"../../../Engine/Content/EditorLandscapeResources/DefaultAlphaTexture.uasset" 58
"../../../Engine/Content/EditorMaterials/MAT_Groups_Toggle.uasset" 59
"../../../Engine/Content/EditorMaterials/MAT_Groups_Visibility.uasset" 60
"../../../Engine/Content/EditorMaterials/PreviewShadowIndicator.uasset" 61
"../../../Engine/Content/EditorMaterials/PreviewShadowIndicatorMaterial.uasset" 62
"../../../Engine/Content/EditorMaterials/MatineeGroups/MAT_ColorTrack.uasset" 63
"../../../Engine/Content/EditorMaterials/MatineeGroups/MAT_Groups_Anim.uasset" 64
"../../../Engine/Content/EditorMaterials/MatineeGroups/MAT_Groups_AudioMaster.uasset" 65
"../../../Engine/Content/EditorMaterials/MatineeGroups/MAT_Groups_Director.uasset" 66
"../../../Engine/Content/EditorMaterials/MatineeGroups/MAT_Groups_Event.uasset" 67
"../../../Engine/Content/EditorMaterials/MatineeGroups/MAT_Groups_Fade.uasset" 68
"../../../Engine/Content/EditorMaterials/MatineeGroups/MAT_Groups_Float.uasset" 69
"../../../Engine/Content/EditorMaterials/MatineeGroups/MAT_Groups_Move.uasset" 70
"../../../Engine/Content/EditorMaterials/MatineeGroups/MAT_Groups_Slomo.uasset" 71
"../../../Engine/Content/EditorMaterials/MatineeGroups/MAT_Groups_Sound.uasset" 72
"../../../Engine/Content/EditorMaterials/MatineeGroups/MAT_Groups_Vector.uasset" 73
"../../../Engine/Content/EditorMaterials/ParticleSystems/PSysThumbnail_NoImage.uasset" 74
"../../../Engine/Content/EditorMaterials/ParticleSystems/PSysThumbnail_OOD.uasset" 75
"../../../Engine/Content/EditorMaterials/Camera/CineMat.uasset" 76
"../../../Engine/Content/EditorMaterials/Camera/MI_CineMat_Rig.uasset" 77
"../../../Engine/Content/EditorMeshes/Camera/SM_CraneRig_Arm.uasset" 78
"../../../Engine/Content/EditorMeshes/Camera/SM_CraneRig_Base.uasset" 79
"../../../Engine/Content/EditorMeshes/Camera/SM_CraneRig_Body.uasset" 80
"../../../Engine/Content/EditorMeshes/Camera/SM_CraneRig_Mount.uasset" 81
"../../../Engine/Content/EditorMeshes/Camera/SM_RailRig_Mount.uasset" 82
"../../../Engine/Content/EditorMeshes/Camera/SM_RailRig_Track.uasset" 83
"../../../Engine/Content/EditorResources/BSPVertex.uasset" 84
"../../../Engine/Content/EditorResources/EmptyActor.uasset" 85
"../../../Engine/Content/EditorResources/S_Actor.uasset" 86
"../../../Engine/Content/EditorResources/S_Note.uasset" 87
"../../../Engine/Content/EditorResources/S_Solver.uasset" 88
"../../../Engine/Content/EditorResources/S_Terrain.uasset" 89
"../../../Engine/Content/EditorResources/S_Trigger.uasset" 90
"../../../Engine/Content/EditorResources/AudioIcons/S_AudioComponent.uasset" 91
"../../../Engine/Content/EditorResources/LightIcons/S_LightError.uasset" 92
"../../../Engine/Content/EditorResources/SequenceRecorder/Countdown.uasset" 93
"../../../Engine/Content/EditorResources/SequenceRecorder/RecordingIndicator.uasset" 94
"../../../Engine/Content/EngineDamageTypes/DmgTypeBP_Environmental.uasset" 95
"../../../Engine/Content/EngineDebugMaterials/DebugEditorMaterial.uasset" 96
"../../../Engine/Content/EngineDebugMaterials/DebugMeshMaterial.uasset" 97
"../../../Engine/Content/EngineDebugMaterials/M_SimpleUnlitTranslucent.uasset" 98
"../../../Engine/Content/EngineDebugMaterials/VolumeToRender.uasset" 99
"../../../Engine/Content/Functions/Engine_MaterialFunctions02/Utility/CameraDirectionVector.uasset" 100
"../../../Engine/Content/EngineDebugMaterials/M_VolumeRenderSphereTracePP.uasset" 101
"../../../Engine/Content/Functions/Engine_MaterialFunctions01/Shading/ConvertFromDiffSpec.uasset" 102
"../../../Engine/Content/EngineDebugMaterials/VertexColorMaterial.uasset" 103
"../../../Engine/Content/EngineDebugMaterials/WireframeMaterial.uasset" 104
"../../../Engine/Content/EngineFonts/Faces/RobotoRegular.uasset" 105
"../../../Engine/Content/EngineFonts/Faces/RobotoLight.uasset" 106
"../../../Engine/Content/EngineFonts/Faces/RobotoItalic.uasset" 107
"../../../Engine/Content/EngineFonts/Faces/RobotoBoldItalic.uasset" 108
"../../../Engine/Content/EngineFonts/Faces/RobotoBold.uasset" 109
"../../../Engine/Content/EngineFonts/Faces/DroidSansFallback.uasset" 110
"../../../Engine/Content/EngineFonts/Roboto.uasset" 111
"../../../Engine/Content/EngineMaterials/BaseFlattenNormalMap.uasset" 112
"../../../Engine/Content/EngineMaterials/BaseFlattenGrayscaleMap.uasset" 113
"../../../Engine/Content/EngineMaterials/BaseFlattenEmissiveMap.uasset" 114
"../../../Engine/Content/EngineMaterials/BaseFlattenDiffuseMap.uasset" 115
"../../../Engine/Content/EngineMaterials/BaseFlattenMaterial.uasset" 116
"../../../Engine/Content/EngineMaterials/BlueNoise.uasset" 117
"../../../Engine/Content/EngineMaterials/DefaultBloomKernel.uasset" 118
"../../../Engine/Content/EngineMaterials/DefaultBokeh.uasset" 119
"../../../Engine/Content/EngineMaterials/DefaultDiffuse.uasset" 120
"../../../Engine/Content/EngineMaterials/DefaultDeferredDecalMaterial.uasset" 121
"../../../Engine/Content/EngineMaterials/DefaultLightFunctionMaterial.uasset" 122
"../../../Engine/Content/EngineMaterials/DefaultPhysicalMaterial.uasset" 123
"../../../Engine/Content/Functions/Engine_MaterialFunctions02/Utility/BreakOutFloat2Components.uasset" 124
"../../../Engine/Content/EngineMaterials/DefaultPostProcessMaterial.uasset" 125
"../../../Engine/Content/EngineFonts/RobotoDistanceField.uasset" 126
"../../../Engine/Content/EngineMaterials/DefaultTextMaterialOpaque.uasset" 127
"../../../Engine/Content/EngineMaterials/DefaultWhiteGrid.uasset" 128
"../../../Engine/Content/EngineMaterials/DefaultWhiteGrid_Low.uasset" 129
"../../../Engine/Content/EngineMaterials/EmissiveMeshMaterial.uasset" 130
"../../../Engine/Content/EngineMaterials/GizmoMaterial.uasset" 131
"../../../Engine/Content/EngineMaterials/Good64x64TilingNoiseHighFreq.uasset" 132
"../../../Engine/Content/EngineMaterials/MiniFont.uasset" 133
"../../../Engine/Content/EngineMaterials/InvalidLightmapSettings.uasset" 134
"../../../Engine/Content/EngineMaterials/M_InvalidLightmapSettings.uasset" 135
"../../../Engine/Content/Functions/Engine_MaterialFunctions02/WorldPositionOffset/CameraOffset.uasset" 136
"../../../Engine/Content/EngineMaterials/PhAT_JointLimitMaterial.uasset" 137
"../../../Engine/Content/EngineMaterials/PreintegratedSkinBRDF.uasset" 138
"../../../Engine/Content/EngineMaterials/RemoveSurfaceMaterial.uasset" 139
"../../../Engine/Content/EngineMaterials/WeightMapPlaceholderTexture.uasset" 140
"../../../Engine/Content/EngineResources/WhiteSquareTexture.uasset" 141
"../../../Engine/Content/EngineMaterials/Widget3DPassThrough.uasset" 142
"../../../Engine/Content/EngineMaterials/Widget3DPassThrough_Masked.uasset" 143
"../../../Engine/Content/EngineMaterials/Widget3DPassThrough_Opaque.uasset" 144
"../../../Engine/Content/EngineMaterials/Widget3DPassThrough_Masked_OneSided.uasset" 145
"../../../Engine/Content/EngineMaterials/Widget3DPassThrough_Opaque_OneSided.uasset" 146
"../../../Engine/Content/EngineMaterials/Widget3DPassThrough_Translucent.uasset" 147
"../../../Engine/Content/EngineMaterials/Widget3DPassThrough_Translucent_OneSided.uasset" 148
"../../../Engine/Content/EngineMeshes/Cylinder.uasset" 149
"../../../Engine/Content/EngineMeshes/Sphere.uasset" 150
"../../../Engine/Content/EngineResources/Black.uasset" 151
"../../../Engine/Content/EngineResources/DefaultTextureCube.uasset" 152
"../../../Engine/Content/EngineResources/DefaultVolumeTexture2D.uasset" 153
"../../../Engine/Content/EngineResources/DefaultVolumeTexture.uasset" 154
"../../../Engine/Content/EngineResources/GradientTexture0.uasset" 155
"../../../Engine/Content/EngineSky/VolumetricClouds/T_NoiseShape64.uasset" 156
"../../../Engine/Content/EngineSky/VolumetricClouds/T_VolumeNoiseShape64.uasset" 157
"../../../Engine/Content/EngineSky/VolumetricClouds/T_NoiseErosion.uasset" 158
"../../../Engine/Content/EngineSky/VolumetricClouds/T_VolumeNoiseErosion32.uasset" 159
"../../../Engine/Content/EngineSky/VolumetricClouds/CloudWeatherTexture.uasset" 160
"../../../Engine/Content/EngineSky/VolumetricClouds/CloudGradientTexture.uasset" 161
"../../../Engine/Content/Functions/Engine_MaterialFunctions02/Utility/MakeFloat2.uasset" 162
"../../../Engine/Content/EngineSky/VolumetricClouds/m_SimpleVolumetricCloud.uasset" 163
"../../../Engine/Content/EngineSky/VolumetricClouds/m_SimpleVolumetricCloud_Inst.uasset" 164
"../../../Engine/Content/EngineSounds/Master.uasset" 165
"../../../Engine/Content/Functions/Engine_MaterialFunctions01/Shading/PowerToRoughness.uasset" 166
"../../../Engine/Content/Maps/Templates/Thumbnails/Default.uasset" 167
"../../../Engine/Content/Maps/Templates/Thumbnails/TimeOfDay.uasset" 168
"../../../Engine/Content/Maps/Templates/Thumbnails/VR-Basic.uasset" 169
"../../../Engine/Content/MobileResources/T_MobileControls_texture.uasset" 170
"../../../Engine/Content/MobileResources/T_MobileMenu2.uasset" 171
"../../../Engine/Content/MobileResources/HUD/AnalogHat.uasset" 172
"../../../Engine/Content/MobileResources/HUD/VirtualJoystick_Thumb.uasset" 173
"../../../Engine/Content/MobileResources/HUD/VirtualJoystick_Background.uasset" 174
"../../../Engine/Content/MobileResources/HUD/DefaultVirtualJoysticks.uasset" 175
"../../../Engine/Content/MobileResources/HUD/LeftVirtualJoystickOnly.uasset" 176
"../../../Engine/Content/MobileResources/HUD/MobileHUDButton1_off.uasset" 177
"../../../Engine/Content/MobileResources/HUD/MobileHUDButton1_on.uasset" 178
"../../../Engine/Content/MobileResources/HUD/MobileHUDButton2_off.uasset" 179
"../../../Engine/Content/MobileResources/HUD/MobileHUDButton2_on.uasset" 180
"../../../Engine/Content/MobileResources/HUD/MobileHUDButton3.uasset" 181
"../../../Engine/Content/MobileResources/HUD/MobileHUDButtonFire.uasset" 182
"../../../Engine/Content/MobileResources/HUD/MobileHUDDirectionPad.uasset" 183
"../../../Engine/Content/MobileResources/HUD/MobileHUDDirectionPad2.uasset" 184
"../../../Engine/Content/MobileResources/HUD/MobileHUDDirectionPad3.uasset" 185
"../../../Engine/Content/MobileResources/HUD/MobileHUDDirectionStick.uasset" 186
"../../../Engine/Content/MobileResources/HUD/T_Castle_ThumbstickInner.uasset" 187
"../../../Engine/Content/MobileResources/HUD/T_Castle_ThumbstickOutter.uasset" 188
"../../../Engine/Content/Tutorial/ContentIntroCurve.uasset" 189
"../../../Engine/Content/Tutorial/Basics/LevelEditorAttract.uasset" 190
"../../../Engine/Content/VREditor/TransformGizmo/TranslucentTransformGizmoMaterial.uasset" 191
"../../../Engine/Content/VREditor/LaserPointer/VR_LaserPower_01.uasset" 192
"../../../Engine/Content/VREditor/TransformGizmo/TransformGizmoMaterial.uasset" 193
"../../../Engine/Content/VREditor/TransformGizmo/BoundingBoxCorner.uasset" 194
"../../../Engine/Content/VREditor/TransformGizmo/BoundingBoxEdge.uasset" 195
"../../../Engine/Content/VREditor/TransformGizmo/PlaneTranslationHandle.uasset" 196
"../../../Engine/Content/VREditor/TransformGizmo/Xray.uasset" 197
"../../../Engine/Content/VREditor/TransformGizmo/Main.uasset" 198
"../../../Engine/Content/VREditor/TransformGizmo/SM_Sequencer_Key.uasset" 199
"../../../Engine/Content/VREditor/TransformGizmo/SM_Sequencer_Node.uasset" 200
"../../Plugins/2D/Paper2D/Content/PlaceholderTextures/DummySpriteTexture.uasset" 201
"../../Plugins/2D/Paper2D/Content/DummySprite.uasset" 202
"../../Plugins/2D/Paper2D/Content/DefaultPaperTerrainMaterial.uasset" 203
"../../Plugins/2D/Paper2D/Content/DefaultSpriteMaterial.uasset" 204
"../../Plugins/2D/Paper2D/Content/MaskedUnlitSpriteMaterial.uasset" 205
"../../Plugins/2D/Paper2D/Content/OpaqueUnlitSpriteMaterial.uasset" 206
"../../../Engine/Content/ArtTools/RenderToTexture/Materials/Debug/M_Emissive_Color.uasset" 207
"../../../Engine/Content/BasicShapes/Cylinder.uasset" 208
"../../Plugins/Lumin/MagicLeapPassableWorld/Content/MagicLeapARPinInfoActor.uasset" 209
"../../../Engine/Content/Functions/Engine_MaterialFunctions02/Utility/BreakOutFloat3Components.uasset" 210
"../../Plugins/Editor/SpeedTreeImporter/Content/SpeedTree9/UnpackInteger3.uasset" 211
"../../Plugins/Editor/SpeedTreeImporter/Content/SpeedTree9/UnpackDirection.uasset" 212
"../../Plugins/Editor/SpeedTreeImporter/Content/SpeedTree9/game_wind_noise.uasset" 213
"../../../Engine/Content/Functions/Engine_MaterialFunctions02/SafeNormalize.uasset" 214
"../../Plugins/Editor/SpeedTreeImporter/Content/SpeedTree9/SpeedTreeWindMotion.uasset" 215
"../../Plugins/Editor/SpeedTreeImporter/Content/SpeedTree9/SpeedTreeBranchMotion.uasset" 216
"../../../Engine/Content/Functions/Engine_MaterialFunctions02/ObjectLocalBounds.uasset" 217
"../../../Engine/Content/Functions/Engine_MaterialFunctions02/UVs/BoundingBoxBased_0-1_UVW.uasset" 218
"../../Plugins/Editor/SpeedTreeImporter/Content/SpeedTree9/SpeedTreeWind.uasset" 219
"../../Plugins/Editor/SpeedTreeImporter/Content/SpeedTree9/SpeedTreeBillboard.uasset" 220
"../../../Engine/Content/EngineResources/DefaultTexture.uasset" 221
"../../Plugins/Editor/SpeedTreeImporter/Content/SpeedTree9/SpeedTreeBillboardMaster.uasset" 222
"../../Plugins/Editor/SpeedTreeImporter/Content/SpeedTree9/SpeedTreeCameraFacing.uasset" 223
"../../Plugins/Editor/SpeedTreeImporter/Content/SpeedTree9/SpeedTreeMaster.uasset" 224
"../../../Engine/Content/Functions/Engine_MaterialFunctions02/Utility/BreakOutFloat4Components.uasset" 225
"../../../Engine/Content/Functions/Engine_MaterialFunctions02/Utility/MakeFloat3.uasset" 226
"../../Plugins/Runtime/Oculus/OculusVR/Content/Materials/OculusMR_ChromaKey.uasset" 227
"../../Plugins/Runtime/Oculus/OculusVR/Content/Materials/OculusMR_OpaqueColoredMaterial.uasset" 228
"../../Plugins/Runtime/Oculus/OculusVR/Content/Materials/PokeAHoleMaterial.uasset" 229
"../../../Engine/Content/VREditor/LaserPointer/LaserPointerMaterial.uasset" 230
"../../../Engine/Content/VREditor/LaserPointer/LaserPointerMaterial_Inst.uasset" 231
"../../../../Users/fabio/Documents/Unreal Projects/ShitGaem2/Content/StarterContent/Textures/T_Rock_Basalt_D.uasset" 232
"../../../../Users/fabio/Documents/Unreal Projects/ShitGaem2/Content/StarterContent/Textures/T_RockMesh_N.uasset" 233
"../../../../Users/fabio/Documents/Unreal Projects/ShitGaem2/Content/StarterContent/Textures/T_RockMesh_M.uasset" 234
"../../../../Users/fabio/Documents/Unreal Projects/ShitGaem2/Content/StarterContent/Textures/T_Detail_Rocky_N.uasset" 235
"../../../../Users/fabio/Documents/Unreal Projects/ShitGaem2/Content/StarterContent/Props/Materials/M_Rock.uasset" 236
"../../../../Users/fabio/Documents/Unreal Projects/ShitGaem2/Content/StarterContent/Materials/M_Glass.uasset" 237
"../../../../Users/fabio/Documents/Unreal Projects/ShitGaem2/Content/StarterContent/Textures/T_Concrete_Tiles_Variation_M.uasset" 238
"../../../../Users/fabio/Documents/Unreal Projects/ShitGaem2/Content/StarterContent/Textures/T_Concrete_Tiles_N.uasset" 239
"../../../../Users/fabio/Documents/Unreal Projects/ShitGaem2/Content/StarterContent/Textures/T_Concrete_Tiles_M.uasset" 240
"../../../../Users/fabio/Documents/Unreal Projects/ShitGaem2/Content/StarterContent/Textures/T_Concrete_Tiles_D.uasset" 241
"../../../../Users/fabio/Documents/Unreal Projects/ShitGaem2/Content/StarterContent/Materials/M_Concrete_Tiles.uasset" 242
"../../../Engine/Content/EngineSky/T_Sky_Stars.uasset" 243
"../../../Engine/Content/EngineSky/T_Sky_Clouds_M.uasset" 244
"../../../Engine/Content/EngineSky/T_Sky_Blue.uasset" 245
"../../../Engine/Content/EngineSky/M_Sky_Panning_Clouds2.uasset" 246
"../../../Engine/Content/EngineMaterials/DefaultDecalMaterial.uasset" 247
"../../../../Users/fabio/Documents/Unreal Projects/ShitGaem2/Content/Geometry/Meshes/CubeMaterial.uasset" 248
"../../../../Users/fabio/Documents/Unreal Projects/ShitGaem2/Content/Geometry/Meshes/1M_Cube.uasset" 249
"../../../../Users/fabio/Documents/Unreal Projects/ShitGaem2/Content/StarterContent/Textures/T_Ground_Grass_N.uasset" 250
"../../../../Users/fabio/Documents/Unreal Projects/ShitGaem2/Content/StarterContent/Textures/T_Ground_Grass_D.uasset" 251
"../../../../Users/fabio/Documents/Unreal Projects/ShitGaem2/Content/StarterContent/Materials/M_Ground_Grass.uasset" 252
"../../../../Users/fabio/Documents/Unreal Projects/ShitGaem2/Content/Ground.uasset" 253
"../../../../Users/fabio/Documents/Unreal Projects/ShitGaem2/Content/Gamebounds_BP.uasset" 254
"../../../Engine/Content/VREditor/LaserPointer/LaserPointerMaterialInst.uasset" 255
"../../../../Users/fabio/Documents/Unreal Projects/ShitGaem2/Content/Blueprints/shitty_goal_BP.uasset" 256
"../../../Engine/Content/Tutorial/SubEditors/TutorialAssets/T_soft_smoke.uasset" 257
"../../../Engine/Content/Tutorial/SubEditors/TutorialAssets/T_SmokeSubUV_8X8.uasset" 258
"../../../Engine/Content/Tutorial/SubEditors/TutorialAssets/M_smoke_subUV_blackbody.uasset" 259
"../../../Engine/Content/Tutorial/SubEditors/TutorialAssets/TutorialParticleSystem.uasset" 260
"../../../Engine/Content/BasicShapes/Cone.uasset" 261
"../../../../Users/fabio/Documents/Unreal Projects/ShitGaem2/Content/Blueprints/Brazier_BP.uasset" 262
"../../../Engine/Content/EngineSky/SM_SkySphere.uasset" 263
"../../../Engine/Content/EngineSky/C_Sky_Zenith_Color.uasset" 264
"../../../Engine/Content/EngineSky/C_Sky_Horizon_Color.uasset" 265
"../../../Engine/Content/EngineSky/C_Sky_Cloud_Color.uasset" 266
"../../../Engine/Content/EditorBlueprintResources/StandardMacros.uasset" 267
"../../../Engine/Content/EngineSky/BP_Sky_Sphere.uasset" 268
"../../../../Users/fabio/Documents/Unreal Projects/ShitGaem2/Content/StarterContent/Particles/Materials/M_radial_ramp.uasset" 269
"../../../../Users/fabio/Documents/Unreal Projects/ShitGaem2/Content/StarterContent/Particles/Materials/m_flare_01.uasset" 270
"../../../../Users/fabio/Documents/Unreal Projects/ShitGaem2/Content/StarterContent/Textures/T_Explosion_SubUV.uasset" 271
"../../../../Users/fabio/Documents/Unreal Projects/ShitGaem2/Content/StarterContent/Particles/Materials/M_explosion_subUV.uasset" 272
"../../../../Users/fabio/Documents/Unreal Projects/ShitGaem2/Content/StarterContent/Textures/T_Burst_M.uasset" 273
"../../../../Users/fabio/Documents/Unreal Projects/ShitGaem2/Content/StarterContent/Particles/Materials/M_Burst.uasset" 274
"../../../../Users/fabio/Documents/Unreal Projects/ShitGaem2/Content/StarterContent/Particles/P_Explosion.uasset" 275
"../../../../Users/fabio/Documents/Unreal Projects/ShitGaem2/Content/StarterContent/Audio/Explosion01.uasset" 276
"../../../../Users/fabio/Documents/Unreal Projects/ShitGaem2/Content/ShittyGoalRed.uasset" 277
"../../../../Users/fabio/Documents/Unreal Projects/ShitGaem2/Content/ShittyGoalGreen.uasset" 278
"../../../../Users/fabio/Documents/Unreal Projects/ShitGaem2/Content/selfimplemented/audio/ballhit.uasset" 279
"../../../../Users/fabio/Documents/Unreal Projects/ShitGaem2/Content/StarterContent/Textures/T_Tech_Hex_Tile_N.uasset" 280
"../../../../Users/fabio/Documents/Unreal Projects/ShitGaem2/Content/StarterContent/Textures/T_Tech_Hex_Tile_M.uasset" 281
"../../../../Users/fabio/Documents/Unreal Projects/ShitGaem2/Content/StarterContent/Materials/M_Tech_Hex_Tile_Pulse.uasset" 282
"../../../../Users/fabio/Documents/Unreal Projects/ShitGaem2/Content/ShittyBall.uasset" 283
"../../../../Users/fabio/Documents/Unreal Projects/ShitGaem2/Content/Maps/soccer4p_BuiltData.uasset" 284
"../../../../Users/fabio/Documents/Unreal Projects/ShitGaem2/Content/StarterContent/Shapes/Shape_Pipe_90.uasset" 285
"../../../Engine/Content/BasicShapes/Cube.uasset" 286
"../../../../Users/fabio/Documents/Unreal Projects/ShitGaem2/Content/Maps/soccer4p.umap" 287
"../../../../Users/fabio/Documents/Unreal Projects/ShitGaem2/Content/StarterContent/Shapes/Shape_Wedge_A.uasset" 288
"../../../../Users/fabio/Documents/Unreal Projects/ShitGaem2/Content/Geometry/Meshes/TemplateFloor.uasset" 289
"../../../../Users/fabio/Documents/Unreal Projects/ShitGaem2/Content/StarterContent/Textures/T_Ground_Moss_N.uasset" 290
"../../../../Users/fabio/Documents/Unreal Projects/ShitGaem2/Content/StarterContent/Textures/T_ground_Moss_D.uasset" 291
"../../../../Users/fabio/Documents/Unreal Projects/ShitGaem2/Content/StarterContent/Materials/M_Ground_Moss.uasset" 292
"../../../../Users/fabio/Documents/Unreal Projects/ShitGaem2/Content/Maps/soccer_2player_BuiltData.uasset" 293
"../../../../Users/fabio/Documents/Unreal Projects/ShitGaem2/Content/Maps/soccer_2player.umap" 294
